\BOOKMARK [0][-]{chapter.1}{Introducci\363n}{}% 1
\BOOKMARK [1][-]{section.1.1}{Motivaci\363n del proyecto}{chapter.1}% 2
\BOOKMARK [1][-]{section.1.2}{Objetivos}{chapter.1}% 3
\BOOKMARK [1][-]{section.1.3}{Materiales y m\351todos}{chapter.1}% 4
\BOOKMARK [1][-]{section.1.4}{Organizaci\363n de la memoria}{chapter.1}% 5
\BOOKMARK [0][-]{chapter.2}{Estado de la t\351cnica}{}% 6
\BOOKMARK [1][-]{section.2.1}{Trazabilidad de tiempo}{chapter.2}% 7
\BOOKMARK [2][-]{subsection.2.1.1}{Global Navigation Satellite System \(GNSS\)}{section.2.1}% 8
\BOOKMARK [2][-]{subsection.2.1.2}{Transferencia de tiempo}{section.2.1}% 9
\BOOKMARK [2][-]{subsection.2.1.3}{R2CGGTTS}{section.2.1}% 10
\BOOKMARK [1][-]{section.2.2}{Revisi\363n de tecnolog\355as Blockchain}{chapter.2}% 11
\BOOKMARK [2][-]{subsection.2.2.1}{Criptograf\355a}{section.2.2}% 12
\BOOKMARK [1][-]{section.2.3}{Teor\355a de juegos}{chapter.2}% 13
\BOOKMARK [1][-]{section.2.4}{Aspectos clave del protocolo Blockchain}{chapter.2}% 14
\BOOKMARK [2][-]{subsection.2.4.1}{Concepto de minado}{section.2.4}% 15
\BOOKMARK [2][-]{subsection.2.4.2}{Validez de la cadena de bloques}{section.2.4}% 16
\BOOKMARK [2][-]{subsection.2.4.3}{Incentivo}{section.2.4}% 17
\BOOKMARK [2][-]{subsection.2.4.4}{Otros algoritmos de consenso}{section.2.4}% 18
\BOOKMARK [2][-]{subsection.2.4.5}{Redes blockchain p\372blicas y permisionadas}{section.2.4}% 19
\BOOKMARK [2][-]{subsection.2.4.6}{El Trilema}{section.2.4}% 20
\BOOKMARK [1][-]{section.2.5}{ARM TrustZone}{chapter.2}% 21
\BOOKMARK [2][-]{subsection.2.5.1}{Vectores de ataque}{section.2.5}% 22
\BOOKMARK [2][-]{subsection.2.5.2}{Seguridad en sistemas embebidos}{section.2.5}% 23
\BOOKMARK [2][-]{subsection.2.5.3}{Seguridad TrustZone}{section.2.5}% 24
\BOOKMARK [0][-]{chapter.3}{Propuesta Blockchain basada en tiempo confiable}{}% 25
\BOOKMARK [1][-]{section.3.1}{Forks en blockchain}{chapter.3}% 26
\BOOKMARK [1][-]{section.3.2}{El papel del timestamp en blockchain}{chapter.3}% 27
\BOOKMARK [0][-]{chapter*.13}{Bibliograf\355a}{}% 28
