This is pdfTeX, Version 3.14159265-2.6-1.40.19 (MiKTeX 2.9.6930 64-bit) (preloaded format=pdflatex 2019.1.5)  5 JAN 2019 22:31
entering extended mode
**./TFM.tex
(TFM.tex
LaTeX2e <2018-12-01>
("C:\Users\Guillermo\AppData\Local\Programs\MiKTeX 2.9\tex/latex/base\book.cls"
Document Class: book 2018/09/03 v1.4i Standard LaTeX document class
("C:\Users\Guillermo\AppData\Local\Programs\MiKTeX 2.9\tex/latex/base\bk11.clo"
File: bk11.clo 2018/09/03 v1.4i Standard LaTeX file (size option)
)
\c@part=\count80
\c@chapter=\count81
\c@section=\count82
\c@subsection=\count83
\c@subsubsection=\count84
\c@paragraph=\count85
\c@subparagraph=\count86
\c@figure=\count87
\c@table=\count88
\abovecaptionskip=\skip41
\belowcaptionskip=\skip42
\bibindent=\dimen102
)
("C:\Users\Guillermo\AppData\Local\Programs\MiKTeX 2.9\tex/latex/listings\listi
ngs.sty"
("C:\Users\Guillermo\AppData\Local\Programs\MiKTeX 2.9\tex/latex/graphics\keyva
l.sty"
Package: keyval 2014/10/28 v1.15 key=value parser (DPC)
\KV@toks@=\toks14
)
\lst@mode=\count89
\lst@gtempboxa=\box27
\lst@token=\toks15
\lst@length=\count90
\lst@currlwidth=\dimen103
\lst@column=\count91
\lst@pos=\count92
\lst@lostspace=\dimen104
\lst@width=\dimen105
\lst@newlines=\count93
\lst@lineno=\count94
\lst@maxwidth=\dimen106

("C:\Users\Guillermo\AppData\Local\Programs\MiKTeX 2.9\tex/latex/listings\lstmi
sc.sty"
File: lstmisc.sty 2018/09/02 1.7 (Carsten Heinz)
\c@lstnumber=\count95
\lst@skipnumbers=\count96
\lst@framebox=\box28
)
("C:\Users\Guillermo\AppData\Local\Programs\MiKTeX 2.9\tex/latex/listings\listi
ngs.cfg"
File: listings.cfg 2018/09/02 1.7 listings configuration
))
Package: listings 2018/09/02 1.7 (Carsten Heinz)

("C:\Users\Guillermo\AppData\Local\Programs\MiKTeX 2.9\tex/latex/base\inputenc.
sty"
Package: inputenc 2018/08/11 v1.3c Input encoding file
\inpenc@prehook=\toks16
\inpenc@posthook=\toks17
)
("C:\Users\Guillermo\AppData\Local\Programs\MiKTeX 2.9\tex/generic/babel\babel.
sty"
Package: babel 2018/11/13 3.27 The Babel package

("C:\Users\Guillermo\AppData\Local\Programs\MiKTeX 2.9\tex/generic/babel\switch
.def"
File: switch.def 2018/11/13 3.27 Babel switching mechanism
)
*************************************
* Local config file bblopts.cfg used
*

("C:\Users\Guillermo\AppData\Local\Programs\MiKTeX 2.9\tex/latex/arabi\bblopts.
cfg"
File: bblopts.cfg 2005/09/08 v0.1 add Arabic and Farsi to "declared" options of
 babel
)
("C:\Users\Guillermo\AppData\Local\Programs\MiKTeX 2.9\tex/latex/babel-spanish\
spanish.ldf"
Language: spanish.ldf 2016/03/03 v5.0p Spanish support from the babel system

("C:\Users\Guillermo\AppData\Local\Programs\MiKTeX 2.9\tex/generic/babel\babel.
def"
File: babel.def 2018/11/13 3.27 Babel common definitions
\babel@savecnt=\count97
\U@D=\dimen107

("C:\Users\Guillermo\AppData\Local\Programs\MiKTeX 2.9\tex/generic/babel\txtbab
el.def")
\bbl@dirlevel=\count98
)
\es@quottoks=\toks18
\es@quotdepth=\count99
Package babel Info: Making " an active character on input line 561.
Package babel Info: Making . an active character on input line 662.
Package babel Info: Making < an active character on input line 707.
Package babel Info: Making > an active character on input line 707.
))
("C:\Users\Guillermo\AppData\Local\Programs\MiKTeX 2.9\tex/latex/float\float.st
y"
Package: float 2001/11/08 v1.3d Float enhancements (AL)
\c@float@type=\count100
\float@exts=\toks19
\float@box=\box29
\@float@everytoks=\toks20
\@floatcapt=\box30
)
("C:\Users\Guillermo\AppData\Local\Programs\MiKTeX 2.9\tex/latex/tools\dcolumn.
sty"
Package: dcolumn 2014/10/28 v1.06 decimal alignment package (DPC)

("C:\Users\Guillermo\AppData\Local\Programs\MiKTeX 2.9\tex/latex/tools\array.st
y"
Package: array 2018/11/13 v2.4j Tabular extension package (FMi)
\col@sep=\dimen108
\ar@mcellbox=\box31
\extrarowheight=\dimen109
\NC@list=\toks21
\extratabsurround=\skip43
\backup@length=\skip44
\ar@cellbox=\box32
))
("C:\Users\Guillermo\AppData\Local\Programs\MiKTeX 2.9\tex/latex/algorithms\alg
orithm.sty"
Package: algorithm 2009/08/24 v0.1 Document Style `algorithm' - floating enviro
nment

("C:\Users\Guillermo\AppData\Local\Programs\MiKTeX 2.9\tex/latex/base\ifthen.st
y"
Package: ifthen 2014/09/29 v1.1c Standard LaTeX ifthen package (DPC)
)
\@float@every@algorithm=\toks22
\c@algorithm=\count101
)
("C:\Users\Guillermo\AppData\Local\Programs\MiKTeX 2.9\tex/latex/tools\verbatim
.sty"
Package: verbatim 2014/10/28 v1.5q LaTeX2e package for verbatim enhancements
\every@verbatim=\toks23
\verbatim@line=\toks24
\verbatim@in@stream=\read1
)
("C:\Users\Guillermo\AppData\Local\Programs\MiKTeX 2.9\tex/latex/fancyhdr\fancy
hdr.sty"
Package: fancyhdr 2017/06/30 v3.9a Extensive control of page headers and footer
s
\f@nch@headwidth=\skip45
\f@nch@O@elh=\skip46
\f@nch@O@erh=\skip47
\f@nch@O@olh=\skip48
\f@nch@O@orh=\skip49
\f@nch@O@elf=\skip50
\f@nch@O@erf=\skip51
\f@nch@O@olf=\skip52
\f@nch@O@orf=\skip53
)
("C:\Users\Guillermo\AppData\Local\Programs\MiKTeX 2.9\tex/latex/graphics\graph
icx.sty"
Package: graphicx 2017/06/01 v1.1a Enhanced LaTeX Graphics (DPC,SPQR)

("C:\Users\Guillermo\AppData\Local\Programs\MiKTeX 2.9\tex/latex/graphics\graph
ics.sty"
Package: graphics 2017/06/25 v1.2c Standard LaTeX Graphics (DPC,SPQR)

("C:\Users\Guillermo\AppData\Local\Programs\MiKTeX 2.9\tex/latex/graphics\trig.
sty"
Package: trig 2016/01/03 v1.10 sin cos tan (DPC)
)
("C:\Users\Guillermo\AppData\Local\Programs\MiKTeX 2.9\tex/latex/graphics-cfg\g
raphics.cfg"
File: graphics.cfg 2016/06/04 v1.11 sample graphics configuration
)
Package graphics Info: Driver file: pdftex.def on input line 99.

("C:\Users\Guillermo\AppData\Local\Programs\MiKTeX 2.9\tex/latex/graphics-def\p
dftex.def"
File: pdftex.def 2018/01/08 v1.0l Graphics/color driver for pdftex
))
\Gin@req@height=\dimen110
\Gin@req@width=\dimen111
)
("C:\Users\Guillermo\AppData\Local\Programs\MiKTeX 2.9\tex/latex/tools\afterpag
e.sty"
Package: afterpage 2014/10/28 v1.08 After-Page Package (DPC)
\AP@output=\toks25
\AP@partial=\box33
\AP@footins=\box34
)
("C:\Users\Guillermo\AppData\Local\Programs\MiKTeX 2.9\tex/latex/tools\longtabl
e.sty"
Package: longtable 2014/10/28 v4.11 Multi-page Table package (DPC)
\LTleft=\skip54
\LTright=\skip55
\LTpre=\skip56
\LTpost=\skip57
\LTchunksize=\count102
\LTcapwidth=\dimen112
\LT@head=\box35
\LT@firsthead=\box36
\LT@foot=\box37
\LT@lastfoot=\box38
\LT@cols=\count103
\LT@rows=\count104
\c@LT@tables=\count105
\c@LT@chunks=\count106
\LT@p@ftn=\toks26
)
("C:\Users\Guillermo\AppData\Local\Programs\MiKTeX 2.9\tex/latex/hyperref\hyper
ref.sty"
Package: hyperref 2018/11/30 v6.88e Hypertext links for LaTeX

("C:\Users\Guillermo\AppData\Local\Programs\MiKTeX 2.9\tex/generic/oberdiek\hob
sub-hyperref.sty"
Package: hobsub-hyperref 2016/05/16 v1.14 Bundle oberdiek, subset hyperref (HO)


("C:\Users\Guillermo\AppData\Local\Programs\MiKTeX 2.9\tex/generic/oberdiek\hob
sub-generic.sty"
Package: hobsub-generic 2016/05/16 v1.14 Bundle oberdiek, subset generic (HO)
Package: hobsub 2016/05/16 v1.14 Construct package bundles (HO)
Package: infwarerr 2016/05/16 v1.4 Providing info/warning/error messages (HO)
Package: ltxcmds 2016/05/16 v1.23 LaTeX kernel commands for general use (HO)
Package: ifluatex 2016/05/16 v1.4 Provides the ifluatex switch (HO)
Package ifluatex Info: LuaTeX not detected.
Package: ifvtex 2016/05/16 v1.6 Detect VTeX and its facilities (HO)
Package ifvtex Info: VTeX not detected.
Package: intcalc 2016/05/16 v1.2 Expandable calculations with integers (HO)
Package: ifpdf 2018/09/07 v3.3 Provides the ifpdf switch
Package: etexcmds 2016/05/16 v1.6 Avoid name clashes with e-TeX commands (HO)
Package: kvsetkeys 2016/05/16 v1.17 Key value parser (HO)
Package: kvdefinekeys 2016/05/16 v1.4 Define keys (HO)
Package: pdftexcmds 2018/09/10 v0.29 Utility functions of pdfTeX for LuaTeX (HO
)
Package pdftexcmds Info: LuaTeX not detected.
Package pdftexcmds Info: \pdf@primitive is available.
Package pdftexcmds Info: \pdf@ifprimitive is available.
Package pdftexcmds Info: \pdfdraftmode found.
Package: pdfescape 2016/05/16 v1.14 Implements pdfTeX's escape features (HO)
Package: bigintcalc 2016/05/16 v1.4 Expandable calculations on big integers (HO
)
Package: bitset 2016/05/16 v1.2 Handle bit-vector datatype (HO)
Package: uniquecounter 2016/05/16 v1.3 Provide unlimited unique counter (HO)
)
Package hobsub Info: Skipping package `hobsub' (already loaded).
Package: letltxmacro 2016/05/16 v1.5 Let assignment for LaTeX macros (HO)
Package: hopatch 2016/05/16 v1.3 Wrapper for package hooks (HO)
Package: xcolor-patch 2016/05/16 xcolor patch
Package: atveryend 2016/05/16 v1.9 Hooks at the very end of document (HO)
Package atveryend Info: \AP@enddocument detected (standard20110627).
Package: atbegshi 2016/06/09 v1.18 At begin shipout hook (HO)
Package: refcount 2016/05/16 v3.5 Data extraction from label references (HO)
Package: hycolor 2016/05/16 v1.8 Color options for hyperref/bookmark (HO)
)
("C:\Users\Guillermo\AppData\Local\Programs\MiKTeX 2.9\tex/generic/ifxetex\ifxe
tex.sty"
Package: ifxetex 2010/09/12 v0.6 Provides ifxetex conditional
)
("C:\Users\Guillermo\AppData\Local\Programs\MiKTeX 2.9\tex/latex/oberdiek\auxho
ok.sty"
Package: auxhook 2016/05/16 v1.4 Hooks for auxiliary files (HO)
)
("C:\Users\Guillermo\AppData\Local\Programs\MiKTeX 2.9\tex/latex/oberdiek\kvopt
ions.sty"
Package: kvoptions 2016/05/16 v3.12 Key value format for package options (HO)
)
\@linkdim=\dimen113
\Hy@linkcounter=\count107
\Hy@pagecounter=\count108

("C:\Users\Guillermo\AppData\Local\Programs\MiKTeX 2.9\tex/latex/hyperref\pd1en
c.def"
File: pd1enc.def 2018/11/30 v6.88e Hyperref: PDFDocEncoding definition (HO)
Now handling font encoding PD1 ...
... no UTF-8 mapping file for font encoding PD1
)
\Hy@SavedSpaceFactor=\count109

("C:\Users\Guillermo\AppData\Local\Programs\MiKTeX 2.9\tex/latex/00miktex\hyper
ref.cfg"
File: hyperref.cfg 2002/06/06 v1.2 hyperref configuration of TeXLive
)

Package hyperref Warning: Invalid value `000'
(hyperref)                for option `pdfborder'.
(hyperref)                Option setting is ignored on input line 4393.

Package hyperref Info: Hyper figures OFF on input line 4519.
Package hyperref Info: Link nesting OFF on input line 4524.
Package hyperref Info: Hyper index ON on input line 4527.
Package hyperref Info: Plain pages OFF on input line 4534.
Package hyperref Info: Backreferencing OFF on input line 4539.
Package hyperref Info: Implicit mode ON; LaTeX internals redefined.
Package hyperref Info: Bookmarks ON on input line 4772.
\c@Hy@tempcnt=\count110
("C:\Users\Guillermo\AppData\Local\Programs\MiKTeX 2.9\tex/latex/url\url.sty"
\Urlmuskip=\muskip10
Package: url 2013/09/16  ver 3.4  Verb mode for urls, etc.
)
LaTeX Info: Redefining \url on input line 5125.
\XeTeXLinkMargin=\dimen114
\Fld@menulength=\count111
\Field@Width=\dimen115
\Fld@charsize=\dimen116
Package hyperref Info: Hyper figures OFF on input line 6380.
Package hyperref Info: Link nesting OFF on input line 6385.
Package hyperref Info: Hyper index ON on input line 6388.
Package hyperref Info: backreferencing OFF on input line 6395.
Package hyperref Info: Link coloring OFF on input line 6400.
Package hyperref Info: Link coloring with OCG OFF on input line 6405.
Package hyperref Info: PDF/A mode OFF on input line 6410.
LaTeX Info: Redefining \ref on input line 6450.
LaTeX Info: Redefining \pageref on input line 6454.
\Hy@abspage=\count112
\c@Item=\count113
\c@Hfootnote=\count114
)
Package hyperref Info: Driver (autodetected): hpdftex.

("C:\Users\Guillermo\AppData\Local\Programs\MiKTeX 2.9\tex/latex/hyperref\hpdft
ex.def"
File: hpdftex.def 2018/11/30 v6.88e Hyperref driver for pdfTeX
\Fld@listcount=\count115
\c@bookmark@seq@number=\count116

("C:\Users\Guillermo\AppData\Local\Programs\MiKTeX 2.9\tex/latex/oberdiek\rerun
filecheck.sty"
Package: rerunfilecheck 2016/05/16 v1.8 Rerun checks for auxiliary files (HO)
Package uniquecounter Info: New unique counter `rerunfilecheck' on input line 2
82.
)
\Hy@SectionHShift=\skip58
)

Package hyperref Warning: Token not allowed in a PDF string (PDFDocEncoding):
(hyperref)                removing `subscript' on input line 60.


Package hyperref Warning: Token not allowed in a PDF string (PDFDocEncoding):
(hyperref)                removing `subscript' on input line 60.


Package hyperref Warning: Token not allowed in a PDF string (PDFDocEncoding):
(hyperref)                removing `subscript' on input line 60.


("C:\Users\Guillermo\AppData\Local\Programs\MiKTeX 2.9\tex/latex/colortbl\color
tbl.sty"
Package: colortbl 2018/12/12 v1.0d Color table columns (DPC)

("C:\Users\Guillermo\AppData\Local\Programs\MiKTeX 2.9\tex/latex/graphics\color
.sty"
Package: color 2016/07/10 v1.1e Standard LaTeX Color (DPC)

("C:\Users\Guillermo\AppData\Local\Programs\MiKTeX 2.9\tex/latex/graphics-cfg\c
olor.cfg"
File: color.cfg 2016/01/02 v1.6 sample color configuration
)
Package color Info: Driver file: pdftex.def on input line 147.
)
\everycr=\toks27
\minrowclearance=\skip59
)
("C:\Users\Guillermo\AppData\Local\Programs\MiKTeX 2.9\tex/latex/footmisc\footm
isc.sty"
Package: footmisc 2011/06/06 v5.5b a miscellany of footnote facilities
\FN@temptoken=\toks28
\footnotemargin=\dimen117
\c@pp@next@reset=\count117
Package footmisc Info: Declaring symbol style bringhurst on input line 855.
Package footmisc Info: Declaring symbol style chicago on input line 863.
Package footmisc Info: Declaring symbol style wiley on input line 872.
Package footmisc Info: Declaring symbol style lamport-robust on input line 883.

Package footmisc Info: Declaring symbol style lamport* on input line 903.
Package footmisc Info: Declaring symbol style lamport*-robust on input line 924
.
)
\c@teorema=\count118
\c@ejemplo=\count119
\c@definicion=\count120

("C:\Users\Guillermo\AppData\Local\Programs\MiKTeX 2.9\tex/latex/pdfpages\pdfpa
ges.sty"
Package: pdfpages 2017/10/31 v0.5l Insert pages of external PDF documents (AM)

("C:\Users\Guillermo\AppData\Local\Programs\MiKTeX 2.9\tex/latex/tools\calc.sty
"
Package: calc 2017/05/25 v4.3 Infix arithmetic (KKT,FJ)
\calc@Acount=\count121
\calc@Bcount=\count122
\calc@Adimen=\dimen118
\calc@Bdimen=\dimen119
\calc@Askip=\skip60
\calc@Bskip=\skip61
LaTeX Info: Redefining \setlength on input line 80.
LaTeX Info: Redefining \addtolength on input line 81.
\calc@Ccount=\count123
\calc@Cskip=\skip62
)
("C:\Users\Guillermo\AppData\Local\Programs\MiKTeX 2.9\tex/latex/eso-pic\eso-pi
c.sty"
Package: eso-pic 2018/04/12 v2.0h eso-pic (RN)
)
\AM@pagewidth=\dimen120
\AM@pageheight=\dimen121

("C:\Users\Guillermo\AppData\Local\Programs\MiKTeX 2.9\tex/latex/pdfpages\pppdf
tex.def"
File: pppdftex.def 2017/10/31 v0.5l Pdfpages driver for pdfTeX (AM)
)
\AM@pagebox=\box39
\AM@global@opts=\toks29
\AM@toc@title=\toks30
\c@AM@survey=\count124
\AM@templatesizebox=\box40
) (TFM.aux
LaTeX Info: Redefining \. on input line 23.
LaTeX Info: Redefining \% on input line 23.


LaTeX Warning: Label `fig1' multiply defined.


LaTeX Warning: Label `fig1' multiply defined.


LaTeX Warning: Label `fig1' multiply defined.


LaTeX Warning: Label `fig1' multiply defined.


LaTeX Warning: Label `fig1' multiply defined.


LaTeX Warning: Label `fig1' multiply defined.


LaTeX Warning: Label `fig1' multiply defined.


LaTeX Warning: Label `fig1' multiply defined.


LaTeX Warning: Label `fig1' multiply defined.


LaTeX Warning: Label `fig1' multiply defined.


LaTeX Warning: Label `fig1' multiply defined.


LaTeX Warning: Label `fig1' multiply defined.


LaTeX Warning: Label `fig1' multiply defined.


LaTeX Warning: Label `fig1' multiply defined.


LaTeX Warning: Label `fig1' multiply defined.


LaTeX Warning: Label `fig1' multiply defined.


LaTeX Warning: Label `fig1' multiply defined.


LaTeX Warning: Label `fig1' multiply defined.


LaTeX Warning: Label `fig1' multiply defined.


LaTeX Warning: Label `fig1' multiply defined.

)
\openout1 = `TFM.aux'.

LaTeX Font Info:    Checking defaults for OML/cmm/m/it on input line 177.
LaTeX Font Info:    ... okay on input line 177.
LaTeX Font Info:    Checking defaults for T1/cmr/m/n on input line 177.
LaTeX Font Info:    ... okay on input line 177.
LaTeX Font Info:    Checking defaults for OT1/cmr/m/n on input line 177.
LaTeX Font Info:    ... okay on input line 177.
LaTeX Font Info:    Checking defaults for OMS/cmsy/m/n on input line 177.
LaTeX Font Info:    ... okay on input line 177.
LaTeX Font Info:    Checking defaults for OMX/cmex/m/n on input line 177.
LaTeX Font Info:    ... okay on input line 177.
LaTeX Font Info:    Checking defaults for U/cmr/m/n on input line 177.
LaTeX Font Info:    ... okay on input line 177.
LaTeX Font Info:    Checking defaults for PD1/pdf/m/n on input line 177.
LaTeX Font Info:    ... okay on input line 177.
\c@lstlisting=\count125
LaTeX Info: Redefining \. on input line 177.
LaTeX Info: Redefining \% on input line 177.

("C:\Users\Guillermo\AppData\Local\Programs\MiKTeX 2.9\tex/context/base\supp-pd
f.mkii"
[Loading MPS to PDF converter (version 2006.09.02).]
\scratchcounter=\count126
\scratchdimen=\dimen122
\scratchbox=\box41
\nofMPsegments=\count127
\nofMParguments=\count128
\everyMPshowfont=\toks31
\MPscratchCnt=\count129
\MPscratchDim=\dimen123
\MPnumerator=\count130
\makeMPintoPDFobject=\count131
\everyMPtoPDFconversion=\toks32
)
("C:\Users\Guillermo\AppData\Local\Programs\MiKTeX 2.9\tex/latex/oberdiek\epsto
pdf-base.sty"
Package: epstopdf-base 2016/05/15 v2.6 Base part for package epstopdf

("C:\Users\Guillermo\AppData\Local\Programs\MiKTeX 2.9\tex/latex/oberdiek\grfex
t.sty"
Package: grfext 2016/05/16 v1.2 Manage graphics extensions (HO)
)
Package epstopdf-base Info: Redefining graphics rule for `.eps' on input line 4
38.
Package grfext Info: Graphics extension search list:
(grfext)             [.pdf,.png,.jpg,.mps,.jpeg,.jbig2,.jb2,.PDF,.PNG,.JPG,.JPE
G,.JBIG2,.JB2,.eps]
(grfext)             \AppendGraphicsExtensions on input line 456.
)
\AtBeginShipoutBox=\box42
Package hyperref Info: Link coloring OFF on input line 177.

("C:\Users\Guillermo\AppData\Local\Programs\MiKTeX 2.9\tex/latex/hyperref\namer
ef.sty"
Package: nameref 2016/05/21 v2.44 Cross-referencing by name of section

("C:\Users\Guillermo\AppData\Local\Programs\MiKTeX 2.9\tex/generic/oberdiek\get
titlestring.sty"
Package: gettitlestring 2016/05/16 v1.5 Cleanup title references (HO)
)
\c@section@level=\count132
)
LaTeX Info: Redefining \ref on input line 177.
LaTeX Info: Redefining \pageref on input line 177.
LaTeX Info: Redefining \nameref on input line 177.
 (TFM.out) (TFM.out)
\@outlinefile=\write3
\openout3 = `TFM.out'.


("C:\Users\Guillermo\AppData\Local\Programs\MiKTeX 2.9\tex/latex/oberdiek\pdfls
cape.sty"
Package: pdflscape 2016/05/14 v0.11 Display of landscape pages in PDF (HO)

("C:\Users\Guillermo\AppData\Local\Programs\MiKTeX 2.9\tex/latex/graphics\lscap
e.sty"
Package: lscape 2000/10/22 v3.01 Landscape Pages (DPC)
)
Package pdflscape Info: Auto-detected driver: pdftex on input line 81.
) (portada/portada.tex
\centeroffset=\skip63
<imagenes/logo_ugr.jpg, id=115, 329.73187pt x 112.16907pt>
File: imagenes/logo_ugr.jpg Graphic file (type jpg)
<use imagenes/logo_ugr.jpg>
Package pdftex.def Info: imagenes/logo_ugr.jpg  used on input line 12.
(pdftex.def)             Requested size: 323.9978pt x 110.22101pt.
LaTeX Font Info:    External font `cmex10' loaded for size
(Font)              <10.95> on input line 23.
LaTeX Font Info:    External font `cmex10' loaded for size
(Font)              <8> on input line 23.
LaTeX Font Info:    External font `cmex10' loaded for size
(Font)              <6> on input line 23.

Overfull \hbox (24.0pt too wide) in paragraph at lines 9--24
| $[]$ 
 []

<imagenes/etsiit_logo.png, id=116, 110.814pt x 40.4712pt>
File: imagenes/etsiit_logo.png Graphic file (type png)
<use imagenes/etsiit_logo.png>
Package pdftex.def Info: imagenes/etsiit_logo.png  used on input line 33.
(pdftex.def)             Requested size: 108.0011pt x 39.44412pt.

Overfull \hbox (24.0pt too wide) in paragraph at lines 26--40
| $[]$ 
 []

[1


{C:/Users/Guillermo/AppData/Local/MiKTeX/2.9/pdftex/config/pdftex.map} <./image
nes/logo_ugr.jpg> <./imagenes/etsiit_logo.png>]) (prefacios/prefacio.tex
[2

] (portada/portada_2.tex [3] [4

]
<imagenes/logo.png, id=141, 123.46124pt x 45.92157pt>
File: imagenes/logo.png Graphic file (type png)
<use imagenes/logo.png>
Package pdftex.def Info: imagenes/logo.png  used on input line 21.
(pdftex.def)             Requested size: 123.46092pt x 45.92145pt.

Overfull \hbox (24.0pt too wide) in paragraph at lines 8--31
| $[]$ 
 []


Overfull \hbox (24.0pt too wide) in paragraph at lines 33--47
| $[]$
 []

pdfTeX warning (ext4): destination with the same identifier (name{page.1}) has 
been already used, duplicate ignored
<to be read again> 
                   \relax 
l.49 \end{titlepage}
                     [1 <./imagenes/logo.png>])pdfTeX warning (ext4): destinati
on with the same identifier (name{page.2}) has been already used, duplicate ign
ored
<to be read again> 
                   \relax 
l.11 \cleardoublepage
                      [2

]
Underfull \hbox (badness 10000) in paragraph at lines 22--23

 []


Underfull \hbox (badness 10000) in paragraph at lines 25--26

 []

pdfTeX warning (ext4): destination with the same identifier (name{page.3}) has 
been already used, duplicate ignored
<to be read again> 
                   \relax 
l.28 \cleardoublepage
                      [3]pdfTeX warning (ext4): destination with the same ident
ifier (name{page.4}) has been already used, duplicate ignored
<to be read again> 
                   \relax 
l.28 \cleardoublepage
                      [4

]
Underfull \hbox (badness 10000) in paragraph at lines 42--43

 []


Underfull \hbox (badness 10000) in paragraph at lines 45--46

 []

[5] [6

]
Underfull \hbox (badness 10000) in paragraph at lines 52--53

 []

[7] [8

]
Underfull \hbox (badness 10000) in paragraph at lines 73--74

 []

[9] [10

]) (capitulos/01_Introduccion.tex [11] [12

]
Cap\'{\i }tulo 1.

Overfull \hbox (1.98907pt too wide) in paragraph at lines 4--14
\OT1/cmr/m/n/10.95 XXXXXXXXXXXXXTema 1 Al-ber-to To-ri-bio In-tro a block-chain
 cur-so UNIR 
 []

[13]
<imagenes/market-price-(usd).jpeg, id=200, 1267.73625pt x 552.0625pt>
File: imagenes/market-price-(usd).jpeg Graphic file (type jpg)
<use imagenes/market-price-(usd).jpeg>
Package pdftex.def Info: imagenes/market-price-(usd).jpeg  used on input line 1
7.
(pdftex.def)             Requested size: 360.0pt x 156.76662pt.
LaTeX Info: Redefining \. on input line 27.
LaTeX Info: Redefining \% on input line 27.
 [14]
LaTeX Info: Redefining \. on input line 27.
LaTeX Info: Redefining \% on input line 27.
 [15 <./imagenes/market-price-(usd).jpeg>]
<imagenes/difficulty.jpeg, id=215, 1267.73625pt x 552.0625pt>
File: imagenes/difficulty.jpeg Graphic file (type jpg)
<use imagenes/difficulty.jpeg>
Package pdftex.def Info: imagenes/difficulty.jpeg  used on input line 30.
(pdftex.def)             Requested size: 360.0pt x 156.76662pt.
LaTeX Info: Redefining \. on input line 35.
LaTeX Info: Redefining \% on input line 35.
 [16 <./imagenes/difficulty.jpeg>]
<imagenes/confirmed-transactions-per-day.jpeg, id=222, 1267.73625pt x 552.0625p
t>
File: imagenes/confirmed-transactions-per-day.jpeg Graphic file (type jpg)
<use imagenes/confirmed-transactions-per-day.jpeg>
Package pdftex.def Info: imagenes/confirmed-transactions-per-day.jpeg  used on 
input line 38.
(pdftex.def)             Requested size: 360.0pt x 156.76662pt.
LaTeX Info: Redefining \. on input line 46.
LaTeX Info: Redefining \% on input line 46.
 [17 <./imagenes/confirmed-transactions-per-day.jpeg>]
<imagenes/minninpools.PNG, id=229, 539.01375pt x 354.32375pt>
File: imagenes/minninpools.PNG Graphic file (type png)
<use imagenes/minninpools.PNG>
Package pdftex.def Info: imagenes/minninpools.PNG  used on input line 50.
(pdftex.def)             Requested size: 360.0pt x 236.64957pt.
LaTeX Info: Redefining \. on input line 64.
LaTeX Info: Redefining \% on input line 64.
 [18 <./imagenes/minninpools.PNG>]
LaTeX Info: Redefining \. on input line 64.
LaTeX Info: Redefining \% on input line 64.
 [19]) (capitulos/02_EstadoDeLaTecnica.tex
LaTeX Info: Redefining \. on input line 1.
LaTeX Info: Redefining \% on input line 1.
 [20]
Cap\'{\i }tulo 2.
<imagenes/interseccion2esferas.PNG, id=247, 324.71312pt x 309.155pt>
File: imagenes/interseccion2esferas.PNG Graphic file (type png)
<use imagenes/interseccion2esferas.PNG>
Package pdftex.def Info: imagenes/interseccion2esferas.PNG  used on input line 
10.
(pdftex.def)             Requested size: 360.0pt x 342.77457pt.
[21

]
LaTeX Info: Redefining \. on input line 16.
LaTeX Info: Redefining \% on input line 16.
 [22 <./imagenes/interseccion2esferas.PNG>]
<imagenes/tierra4esfera.PNG, id=261, 321.70187pt x 230.8625pt>
File: imagenes/tierra4esfera.PNG Graphic file (type png)
<use imagenes/tierra4esfera.PNG>
Package pdftex.def Info: imagenes/tierra4esfera.PNG  used on input line 19.
(pdftex.def)             Requested size: 360.0pt x 258.35638pt.

Underfull \vbox (badness 1968) has occurred while \output is active []

LaTeX Info: Redefining \. on input line 28.
LaTeX Info: Redefining \% on input line 28.
 [23 <./imagenes/tierra4esfera.PNG>]
<imagenes/2clockscompare.PNG, id=269, 528.47438pt x 292.59312pt>
File: imagenes/2clockscompare.PNG Graphic file (type png)
<use imagenes/2clockscompare.PNG>
Package pdftex.def Info: imagenes/2clockscompare.PNG  used on input line 35.
(pdftex.def)             Requested size: 360.0pt x 199.31784pt.

Underfull \vbox (badness 4859) has occurred while \output is active []

LaTeX Info: Redefining \. on input line 43.
LaTeX Info: Redefining \% on input line 43.
 [24]
<imagenes/commonview.PNG, id=275, 552.0625pt x 356.33125pt>
File: imagenes/commonview.PNG Graphic file (type png)
<use imagenes/commonview.PNG>
Package pdftex.def Info: imagenes/commonview.PNG  used on input line 46.
(pdftex.def)             Requested size: 360.0pt x 232.37376pt.
<imagenes/allinview.PNG, id=277, 558.58687pt x 371.3875pt>
File: imagenes/allinview.PNG Graphic file (type png)
<use imagenes/allinview.PNG>
Package pdftex.def Info: imagenes/allinview.PNG  used on input line 55.
(pdftex.def)             Requested size: 360.0pt x 239.35892pt.
LaTeX Info: Redefining \. on input line 57.
LaTeX Info: Redefining \% on input line 57.

[25 <./imagenes/2clockscompare.PNG>]
LaTeX Info: Redefining \. on input line 65.
LaTeX Info: Redefining \% on input line 65.
 [26 <./imagenes/commonview.PNG>]
<imagenes/cggtts.PNG, id=294, 541.02126pt x 387.94937pt>
File: imagenes/cggtts.PNG Graphic file (type png)
<use imagenes/cggtts.PNG>
Package pdftex.def Info: imagenes/cggtts.PNG  used on input line 68.
(pdftex.def)             Requested size: 360.0pt x 258.14883pt.

Underfull \vbox (badness 10000) has occurred while \output is active []

LaTeX Info: Redefining \. on input line 71.
LaTeX Info: Redefining \% on input line 71.
 [27 <./imagenes/allinview.PNG>]
Underfull \hbox (badness 10000) in paragraph at lines 83--85

 []

LaTeX Info: Redefining \. on input line 85.
LaTeX Info: Redefining \% on input line 85.
[28 <./imagenes/cggtts.PNG>]
LaTeX Info: Redefining \. on input line 104.
LaTeX Info: Redefining \% on input line 104.
 [29]
<imagenes/PrevHashes.PNG, id=319, 842.1864pt x 322.3242pt>
File: imagenes/PrevHashes.PNG Graphic file (type png)
<use imagenes/PrevHashes.PNG>
Package pdftex.def Info: imagenes/PrevHashes.PNG  used on input line 112.
(pdftex.def)             Requested size: 360.0pt x 137.78027pt.
LaTeX Info: Redefining \. on input line 120.
LaTeX Info: Redefining \% on input line 120.
 [30 <./imagenes/PrevHashes.PNG>]
LaTeX Info: Redefining \. on input line 149.
LaTeX Info: Redefining \% on input line 149.
 [31]
LaTeX Info: Redefining \. on input line 163.
LaTeX Info: Redefining \% on input line 163.

[32]
LaTeX Info: Redefining \. on input line 172.
LaTeX Info: Redefining \% on input line 172.
 [33]
<imagenes/bloque.PNG, id=359, 468.75125pt x 130.98938pt>
File: imagenes/bloque.PNG Graphic file (type png)
<use imagenes/bloque.PNG>
Package pdftex.def Info: imagenes/bloque.PNG  used on input line 188.
(pdftex.def)             Requested size: 360.0pt x 100.59828pt.

Overfull \hbox (24.04128pt too wide) in paragraph at lines 192--194
\OT1/cmr/m/n/10.95 el cam-po non-ce des-cri-to en el apar-ta-do an-te-riorXXXXX
XXXXXXXXXXXXXXX
 []

LaTeX Info: Redefining \. on input line 197.
LaTeX Info: Redefining \% on input line 197.
[34]
LaTeX Info: Redefining \. on input line 211.
LaTeX Info: Redefining \% on input line 211.
 [35 <./imagenes/bloque.PNG>]
LaTeX Info: Redefining \. on input line 223.
LaTeX Info: Redefining \% on input line 223.
 [36]
LaTeX Info: Redefining \. on input line 230.
LaTeX Info: Redefining \% on input line 230.
 [37]
LaTeX Info: Redefining \. on input line 239.
LaTeX Info: Redefining \% on input line 239.
 [38]
<imagenes/trilemma2.PNG, id=397, 817.1328pt x 412.9026pt>
File: imagenes/trilemma2.PNG Graphic file (type png)
<use imagenes/trilemma2.PNG>
Package pdftex.def Info: imagenes/trilemma2.PNG  used on input line 246.
(pdftex.def)             Requested size: 360.0pt x 181.91081pt.
LaTeX Info: Redefining \. on input line 252.
LaTeX Info: Redefining \% on input line 252.
 [39 <./imagenes/trilemma2.PNG>]
<imagenes/ataque.jpg, id=405, 536.0025pt x 266.9975pt>
File: imagenes/ataque.jpg Graphic file (type jpg)
<use imagenes/ataque.jpg>
Package pdftex.def Info: imagenes/ataque.jpg  used on input line 264.
(pdftex.def)             Requested size: 360.0pt x 179.3233pt.
LaTeX Info: Redefining \. on input line 276.
LaTeX Info: Redefining \% on input line 276.
 [40]
LaTeX Info: Redefining \. on input line 286.
LaTeX Info: Redefining \% on input line 286.
 [41 <./imagenes/ataque.jpg>]
LaTeX Info: Redefining \. on input line 304.
LaTeX Info: Redefining \% on input line 304.
 [42]
LaTeX Info: Redefining \. on input line 322.
LaTeX Info: Redefining \% on input line 322.
 [43]
<imagenes/monitor.jpg, id=436, 478.78876pt x 259.46938pt>
File: imagenes/monitor.jpg Graphic file (type jpg)
<use imagenes/monitor.jpg>
Package pdftex.def Info: imagenes/monitor.jpg  used on input line 329.
(pdftex.def)             Requested size: 360.0pt x 195.09644pt.
LaTeX Info: Redefining \. on input line 338.
LaTeX Info: Redefining \% on input line 338.
 [44 <./imagenes/monitor.jpg>]
<imagenes/secureSO.jpg, id=444, 584.68437pt x 347.2975pt>
File: imagenes/secureSO.jpg Graphic file (type jpg)
<use imagenes/secureSO.jpg>
Package pdftex.def Info: imagenes/secureSO.jpg  used on input line 350.
(pdftex.def)             Requested size: 360.0pt x 213.8437pt.
LaTeX Info: Redefining \. on input line 359.
LaTeX Info: Redefining \% on input line 359.

[45]
LaTeX Info: Redefining \. on input line 364.
LaTeX Info: Redefining \% on input line 364.
 [46 <./imagenes/secureSO.jpg>]
<imagenes/secureboot.jpg, id=461, 463.23062pt x 389.95688pt>
File: imagenes/secureboot.jpg Graphic file (type jpg)
<use imagenes/secureboot.jpg>
Package pdftex.def Info: imagenes/secureboot.jpg  used on input line 367.
(pdftex.def)             Requested size: 360.0pt x 303.05838pt.
)
(capitulos/05_PropuestaBlockchainBasadaEnTiempo.tex
LaTeX Info: Redefining \. on input line 1.
LaTeX Info: Redefining \% on input line 1.
 [47 <./imagenes/secureboot.jpg>]
LaTeX Info: Redefining \. on input line 1.
LaTeX Info: Redefining \% on input line 1.
 [48]
Cap\'{\i }tulo 3.
<imagenes/figura1.PNG, id=473, 571.13374pt x 388.45125pt>
File: imagenes/figura1.PNG Graphic file (type png)
<use imagenes/figura1.PNG>
Package pdftex.def Info: imagenes/figura1.PNG  used on input line 9.
(pdftex.def)             Requested size: 360.0pt x 244.85004pt.
[49

]
<imagenes/figura2.PNG, id=480, 586.69188pt x 388.95313pt>
File: imagenes/figura2.PNG Graphic file (type png)
<use imagenes/figura2.PNG>
Package pdftex.def Info: imagenes/figura2.PNG  used on input line 17.
(pdftex.def)             Requested size: 360.0pt x 238.6617pt.

Underfull \vbox (badness 1902) has occurred while \output is active []

LaTeX Info: Redefining \. on input line 22.
LaTeX Info: Redefining \% on input line 22.
 [50 <./imagenes/figura1.PNG>]
<imagenes/figura3.PNG, id=488, 546.04pt x 389.95688pt>
File: imagenes/figura3.PNG Graphic file (type png)
<use imagenes/figura3.PNG>
Package pdftex.def Info: imagenes/figura3.PNG  used on input line 26.
(pdftex.def)             Requested size: 360.0pt x 257.09862pt.
<imagenes/figura5.PNG, id=490, 578.66188pt x 327.72438pt>
File: imagenes/figura5.PNG Graphic file (type png)
<use imagenes/figura5.PNG>
Package pdftex.def Info: imagenes/figura5.PNG  used on input line 34.
(pdftex.def)             Requested size: 360.0pt x 203.8821pt.

Underfull \hbox (badness 10000) in paragraph at lines 38--39

 []

LaTeX Info: Redefining \. on input line 39.
LaTeX Info: Redefining \% on input line 39.
[51 <./imagenes/figura2.PNG>]
LaTeX Info: Redefining \. on input line 39.
LaTeX Info: Redefining \% on input line 39.
 [52 <./imagenes/figura3.PNG> <./imagenes/figura5.PNG>]
LaTeX Info: Redefining \. on input line 47.
LaTeX Info: Redefining \% on input line 47.
 [53]) (TFM.bbl
LaTeX Info: Redefining \. on input line 1.
LaTeX Info: Redefining \% on input line 1.
 [54]
Underfull \hbox (badness 10000) in paragraph at lines 12--17
\OT1/cmtt/m/n/10.95 / / www . bipm . org / ws / CCTF / TAI _ TRAINING / Allowed
 / Fundamentals /
 []


Underfull \hbox (badness 10000) in paragraph at lines 12--17
\OT1/cmtt/m/n/10.95 Training-[]2012-[]GNSS-[]Defraigne . pdfhttp : / / infocent
er .
 []


Underfull \hbox (badness 10000) in paragraph at lines 12--17
\OT1/cmtt/m/n/10.95 arm . com / help / topic / com . arm . doc . prd29-[]genc-[
]009492c /
 []


Underfull \hbox (badness 10000) in paragraph at lines 24--29
[]\OT1/cmr/m/n/10.95 Pascale De-fraig-ne.  Gnss ti-me trans-fer.  []$\OT1/cmtt/
m/n/10.95 https : / / www .
 []


Underfull \hbox (badness 10000) in paragraph at lines 24--29
\OT1/cmtt/m/n/10.95 bipm . org / ws / CCTF / TAI _ TRAINING / Allowed / Fundame
ntals /
 []

) [55

] [56

]
Package atveryend Info: Empty hook `BeforeClearDocument' on input line 221.
 [57]
Package atveryend Info: Empty hook `AfterLastShipout' on input line 221.
 (TFM.aux
LaTeX Info: Redefining \. on input line 23.
LaTeX Info: Redefining \% on input line 23.
)
Package atveryend Info: Executing hook `AtVeryEndDocument' on input line 221.
Package atveryend Info: Executing hook `AtEndAfterFileList' on input line 221.
Package rerunfilecheck Info: File `TFM.out' has not changed.
(rerunfilecheck)             Checksum: A060C32AE5E9D92E4C77EA90583F2C59;2056.


LaTeX Warning: There were multiply-defined labels.

Package atveryend Info: Empty hook `AtVeryVeryEnd' on input line 221.
 ) 
Here is how much of TeX's memory you used:
 9049 strings out of 492946
 136189 string characters out of 3124491
 246910 words of memory out of 3000000
 12601 multiletter control sequences out of 15000+200000
 10584 words of font info for 37 fonts, out of 3000000 for 9000
 1141 hyphenation exceptions out of 8191
 34i,12n,43p,2373b,534s stack positions out of 5000i,500n,10000p,200000b,50000s
<C:/Users/Guillermo/AppData/Local/Programs/MiKTeX 2.9/fonts/type1/public/amsf
onts/cm/cmbx10.pfb><C:/Users/Guillermo/AppData/Local/Programs/MiKTeX 2.9/fonts/
type1/public/amsfonts/cm/cmbx12.pfb><C:/Users/Guillermo/AppData/Local/Programs/
MiKTeX 2.9/fonts/type1/public/amsfonts/cm/cmbxti10.pfb><C:/Users/Guillermo/AppD
ata/Local/Programs/MiKTeX 2.9/fonts/type1/public/amsfonts/cm/cmcsc10.pfb><C:/Us
ers/Guillermo/AppData/Local/Programs/MiKTeX 2.9/fonts/type1/public/amsfonts/cm/
cmr10.pfb><C:/Users/Guillermo/AppData/Local/Programs/MiKTeX 2.9/fonts/type1/pub
lic/amsfonts/cm/cmr8.pfb><C:/Users/Guillermo/AppData/Local/Programs/MiKTeX 2.9/
fonts/type1/public/amsfonts/cm/cmti10.pfb><C:/Users/Guillermo/AppData/Local/Pro
grams/MiKTeX 2.9/fonts/type1/public/amsfonts/cm/cmtt10.pfb>
Output written on TFM.pdf (61 pages, 1665062 bytes).
PDF statistics:
 617 PDF objects out of 1000 (max. 8388607)
 181 named destinations out of 1000 (max. 500000)
 345 words of extra memory for PDF output out of 10000 (max. 10000000)

